<?xml version="1.0" encoding="UTF-8"?>
<!-- Generated by org.testng.reporters.JUnitXMLReporter -->
<testsuite ignored="6" hostname="IPIX-DESK23" failures="3" tests="3" name="Test" time="3.891" errors="0" timestamp="2025-04-07T14:07:50 IST">
  <testcase classname="testscript.LoginFormTest" name="adminLogin" time="0.028">
    <failure type="java.lang.NullPointerException" message="Cannot invoke &amp;quot;org.openqa.selenium.SearchContext.findElement(org.openqa.selenium.By)&amp;quot; because &amp;quot;this.searchContext&amp;quot; is null">
      <![CDATA[java.lang.NullPointerException: Cannot invoke "org.openqa.selenium.SearchContext.findElement(org.openqa.selenium.By)" because "this.searchContext" is null
at org.openqa.selenium.support.pagefactory.DefaultElementLocator.findElement(DefaultElementLocator.java:68)
at org.openqa.selenium.support.pagefactory.internal.LocatingElementHandler.invoke(LocatingElementHandler.java:38)
at jdk.proxy2/jdk.proxy2.$Proxy12.click(Unknown Source)
at lmsmodules.LoginForm.loginClick(LoginForm.java:31)
at testscript.LoginFormTest.adminLogin(LoginFormTest.java:30)
at java.base/java.util.ArrayList.forEach(ArrayList.java:1511)
... Removed 27 stack frames]]>
    </failure>
  </testcase> <!-- adminLogin -->
  <testcase classname="testscript.ContactUsTest" name="contactForm" time="0.004">
    <failure type="java.lang.NullPointerException" message="Cannot invoke &amp;quot;org.openqa.selenium.SearchContext.findElement(org.openqa.selenium.By)&amp;quot; because &amp;quot;this.searchContext&amp;quot; is null">
      <![CDATA[java.lang.NullPointerException: Cannot invoke "org.openqa.selenium.SearchContext.findElement(org.openqa.selenium.By)" because "this.searchContext" is null
at org.openqa.selenium.support.pagefactory.DefaultElementLocator.findElement(DefaultElementLocator.java:68)
at org.openqa.selenium.support.pagefactory.internal.LocatingElementHandler.invoke(LocatingElementHandler.java:38)
at jdk.proxy2/jdk.proxy2.$Proxy12.click(Unknown Source)
at lmsmodules.ContactUs.contactClick(ContactUs.java:32)
at testscript.ContactUsTest.contactForm(ContactUsTest.java:30)
at java.base/java.util.ArrayList.forEach(ArrayList.java:1511)
... Removed 27 stack frames]]>
    </failure>
  </testcase> <!-- contactForm -->
  <testcase classname="testscript.HomePageClickTest" name="aboutUsPage" time="0.006">
    <failure type="java.lang.NullPointerException" message="Cannot invoke &amp;quot;org.openqa.selenium.SearchContext.findElement(org.openqa.selenium.By)&amp;quot; because &amp;quot;this.searchContext&amp;quot; is null">
      <![CDATA[java.lang.NullPointerException: Cannot invoke "org.openqa.selenium.SearchContext.findElement(org.openqa.selenium.By)" because "this.searchContext" is null
at org.openqa.selenium.support.pagefactory.DefaultElementLocator.findElement(DefaultElementLocator.java:68)
at org.openqa.selenium.support.pagefactory.internal.LocatingElementHandler.invoke(LocatingElementHandler.java:38)
at jdk.proxy2/jdk.proxy2.$Proxy12.click(Unknown Source)
at lmsmodules.HomePageClicks.aboutUsClick(HomePageClicks.java:46)
at testscript.HomePageClickTest.aboutUsPage(HomePageClickTest.java:21)
at java.base/java.util.ArrayList.forEach(ArrayList.java:1511)
... Removed 27 stack frames]]>
    </failure>
  </testcase> <!-- aboutUsPage -->
  <testcase classname="testscript.Base" name="@AfterTest driverQuitClose" time="0.0">
    <ignored/>
  </testcase> <!-- @AfterTest driverQuitClose -->
  <testcase classname="testscript.Base" name="@BeforeTest initialiseBrowser" time="0.0">
    <ignored/>
  </testcase> <!-- @BeforeTest initialiseBrowser -->
  <testcase classname="testscript.Base" name="@AfterTest driverQuitClose" time="0.0">
    <ignored/>
  </testcase> <!-- @AfterTest driverQuitClose -->
  <testcase classname="testscript.Base" name="@BeforeTest initialiseBrowser" time="0.0">
    <ignored/>
  </testcase> <!-- @BeforeTest initialiseBrowser -->
  <testcase classname="testscript.Base" name="@BeforeTest initialiseBrowser" time="0.0">
    <ignored/>
  </testcase> <!-- @BeforeTest initialiseBrowser -->
  <testcase classname="testscript.Base" name="@AfterTest driverQuitClose" time="0.0">
    <ignored/>
  </testcase> <!-- @AfterTest driverQuitClose -->
</testsuite> <!-- Test -->
